0 info it worked if it ends with ok
1 verbose cli [ '/usr/bin/node', '/usr/bin/npm', 'run', 'scss' ]
2 info using npm@3.5.2
3 info using node@v8.10.0
4 verbose run-script [ 'prescss', 'scss', 'postscss' ]
5 info lifecycle ui-lifegpa@1.0.0~prescss: ui-lifegpa@1.0.0
6 silly lifecycle ui-lifegpa@1.0.0~prescss: no script for prescss, continuing
7 info lifecycle ui-lifegpa@1.0.0~scss: ui-lifegpa@1.0.0
8 verbose lifecycle ui-lifegpa@1.0.0~scss: unsafe-perm in lifecycle true
9 verbose lifecycle ui-lifegpa@1.0.0~scss: PATH: /usr/share/npm/bin/node-gyp-bin:/home/priya/Documents/Projects/node_modules/.bin:/usr/local/sbin:/usr/local/bin:/usr/sbin:/usr/bin:/sbin:/bin:/usr/games:/usr/local/games:/snap/bin
10 verbose lifecycle ui-lifegpa@1.0.0~scss: CWD: /home/priya/Documents/Projects
11 silly lifecycle ui-lifegpa@1.0.0~scss: Args: [ '-c', 'node-sass --watch scss -o css' ]
12 info lifecycle ui-lifegpa@1.0.0~scss: Failed to exec scss script
13 verbose stack Error: ui-lifegpa@1.0.0 scss: `node-sass --watch scss -o css`
13 verbose stack spawn ENOENT
13 verbose stack     at ChildProcess.<anonymous> (/usr/share/npm/lib/utils/spawn.js:17:16)
13 verbose stack     at emitTwo (events.js:126:13)
13 verbose stack     at ChildProcess.emit (events.js:214:7)
13 verbose stack     at maybeClose (internal/child_process.js:925:16)
13 verbose stack     at Process.ChildProcess._handle.onexit (internal/child_process.js:209:5)
14 verbose pkgid ui-lifegpa@1.0.0
15 verbose cwd /home/priya/Documents/Projects/UI-Lifegpa
16 error Linux 4.15.0-47-generic
17 error argv "/usr/bin/node" "/usr/bin/npm" "run" "scss"
18 error node v8.10.0
19 error npm  v3.5.2
20 error file sh
21 error code ELIFECYCLE
22 error errno ENOENT
23 error syscall spawn
24 error ui-lifegpa@1.0.0 scss: `node-sass --watch scss -o css`
24 error spawn ENOENT
25 error Failed at the ui-lifegpa@1.0.0 scss script 'node-sass --watch scss -o css'.
25 error Make sure you have the latest version of node.js and npm installed.
25 error If you do, this is most likely a problem with the ui-lifegpa package,
25 error not with npm itself.
25 error Tell the author that this fails on your system:
25 error     node-sass --watch scss -o css
25 error You can get information on how to open an issue for this project with:
25 error     npm bugs ui-lifegpa
25 error Or if that isn't available, you can get their info via:
25 error     npm owner ls ui-lifegpa
25 error There is likely additional logging output above.
26 verbose exit [ 1, true ]
